\BOOKMARK [1][-]{section.1}{\376\377\000E\000u\000r\000o\000p\000e\000a\000n\000\040\000C\000a\000l\000l}{}% 1
\BOOKMARK [2][-]{subsection.1.1}{\376\377\000D\000e\000l\000t\000a}{section.1}% 2
\BOOKMARK [2][-]{subsection.1.2}{\376\377\000G\000a\000m\000m\000a}{section.1}% 3
\BOOKMARK [2][-]{subsection.1.3}{\376\377\000V\000e\000g\000a}{section.1}% 4
\BOOKMARK [2][-]{subsection.1.4}{\376\377\000T\000h\000e\000t\000a}{section.1}% 5
\BOOKMARK [2][-]{subsection.1.5}{\376\377\000R\000h\000o}{section.1}% 6
\BOOKMARK [1][-]{section.2}{\376\377\000E\000u\000r\000o\000p\000e\000a\000n\000\040\000P\000u\000t}{}% 7
\BOOKMARK [2][-]{subsection.2.1}{\376\377\000D\000e\000l\000t\000a}{section.2}% 8
\BOOKMARK [2][-]{subsection.2.2}{\376\377\000G\000a\000m\000m\000a}{section.2}% 9
\BOOKMARK [2][-]{subsection.2.3}{\376\377\000V\000e\000g\000a}{section.2}% 10
\BOOKMARK [2][-]{subsection.2.4}{\376\377\000T\000h\000e\000t\000a}{section.2}% 11
\BOOKMARK [2][-]{subsection.2.5}{\376\377\000R\000h\000o}{section.2}% 12
\BOOKMARK [1][-]{section.3}{\376\377\000B\000i\000n\000a\000r\000y\000\040\000C\000a\000l\000l}{}% 13
\BOOKMARK [2][-]{subsection.3.1}{\376\377\000D\000e\000l\000t\000a}{section.3}% 14
\BOOKMARK [2][-]{subsection.3.2}{\376\377\000G\000a\000m\000m\000a}{section.3}% 15
\BOOKMARK [2][-]{subsection.3.3}{\376\377\000V\000e\000g\000a}{section.3}% 16
\BOOKMARK [2][-]{subsection.3.4}{\376\377\000T\000h\000e\000t\000a}{section.3}% 17
\BOOKMARK [2][-]{subsection.3.5}{\376\377\000R\000h\000o}{section.3}% 18
\BOOKMARK [1][-]{section.4}{\376\377\000B\000i\000n\000a\000r\000y\000\040\000P\000u\000t}{}% 19
\BOOKMARK [2][-]{subsection.4.1}{\376\377\000D\000e\000l\000t\000a}{section.4}% 20
\BOOKMARK [2][-]{subsection.4.2}{\376\377\000G\000a\000m\000m\000a}{section.4}% 21
\BOOKMARK [2][-]{subsection.4.3}{\376\377\000V\000e\000g\000a}{section.4}% 22
\BOOKMARK [2][-]{subsection.4.4}{\376\377\000T\000h\000e\000t\000a}{section.4}% 23
\BOOKMARK [2][-]{subsection.4.5}{\376\377\000R\000h\000o}{section.4}% 24
\BOOKMARK [1][-]{section.5}{\376\377\000A\000m\000e\000r\000i\000c\000a\000n\000\040\000C\000a\000l\000l}{}% 25
\BOOKMARK [2][-]{subsection.5.1}{\376\377\000D\000e\000l\000t\000a}{section.5}% 26
\BOOKMARK [2][-]{subsection.5.2}{\376\377\000G\000a\000m\000m\000a}{section.5}% 27
\BOOKMARK [2][-]{subsection.5.3}{\376\377\000V\000e\000g\000a}{section.5}% 28
\BOOKMARK [2][-]{subsection.5.4}{\376\377\000T\000h\000e\000t\000a}{section.5}% 29
\BOOKMARK [2][-]{subsection.5.5}{\376\377\000R\000h\000o}{section.5}% 30
\BOOKMARK [1][-]{section.6}{\376\377\000A\000m\000e\000r\000i\000c\000a\000n\000\040\000P\000u\000t}{}% 31
\BOOKMARK [2][-]{subsection.6.1}{\376\377\000D\000e\000l\000t\000a}{section.6}% 32
\BOOKMARK [2][-]{subsection.6.2}{\376\377\000G\000a\000m\000m\000a}{section.6}% 33
\BOOKMARK [2][-]{subsection.6.3}{\376\377\000V\000e\000g\000a}{section.6}% 34
\BOOKMARK [2][-]{subsection.6.4}{\376\377\000T\000h\000e\000t\000a}{section.6}% 35
\BOOKMARK [2][-]{subsection.6.5}{\376\377\000R\000h\000o}{section.6}% 36
